<?xml version="1.0" encoding="UTF-8"?>
<!-- Generated by org.testng.reporters.JUnitXMLReporter -->
<testsuite hostname="rohith" tests="1" failures="0" timestamp="8 Feb 2019 00:16:25 GMT" time="81.796" errors="0">
  <testcase name="@BeforeTest initDriver" time="0.0" classname="myCollections">
    <failure type="org.openqa.selenium.WebDriverException" message="Failed to connect to binary FirefoxBinary(C:\Program Files (x86)\Mozilla Firefox\firefox.exe) on port 7055; process output follows: 
rue,&amp;quot;userDisabled&amp;quot;:false,&amp;quot;appDisabled&amp;quot;:false,&amp;quot;descriptor&amp;quot;:&amp;quot;C:\\Program Files (x86)\\Mozilla Firefox\\browser\\extensions\\{972ce4c6-7e08-4474-a285-3208198ce6fd}.xpi&amp;quot;,&amp;quot;installDate&amp;quot;:1495897180335,&amp;quot;updateDate&amp;quot;:1495897180335,&amp;quot;applyBackgroundUpdates&amp;quot;:1,&amp;quot;skinnable&amp;quot;:true,&amp;quot;size&amp;quot;:8201,&amp;quot;sourceURI&amp;quot;:null,&amp;quot;releaseNotesURI&amp;quot;:null,&amp;quot;softDisabled&amp;quot;:false,&amp;quot;foreignInstall&amp;quot;:false,&amp;quot;hasBinaryComponents&amp;quot;:false,&amp;quot;strictCompatibility&amp;quot;:true,&amp;quot;locales&amp;quot;:[],&amp;quot;targetApplications&amp;quot;:[{&amp;quot;id&amp;quot;:&amp;quot;{ec8030f7-c20a-464f-9b0e-13a3a9e97384}&amp;quot;,&amp;quot;minVersion&amp;quot;:&amp;quot;54.0&amp;quot;,&amp;quot;maxVersion&amp;quot;:&amp;quot;54.0&amp;quot;}],&amp;quot;targetPlatforms&amp;quot;:[],&amp;quot;seen&amp;quot;:true,&amp;quot;dependencies&amp;quot;:[],&amp;quot;hasEmbeddedWebExtension&amp;quot;:false,&amp;quot;userPermissions&amp;quot;:null}
1549584945455	addons.xpi	DEBUG	getModTime: Recursive scan of {972ce4c6-7e08-4474-a285-3208198ce6fd}
1549584945460	DeferredSave.extensions.json	DEBUG	Save changes
1549584945460	addons.xpi	DEBUG	Updating database with changes to installed add-ons
1549584945460	addons.xpi-utils	DEBUG	Updating add-on states
1549584945464	addons.xpi-utils	DEBUG	Writing add-ons list
1549584945474	addons.xpi	DEBUG	Registering manifest for C:\Program Files (x86)\Mozilla Firefox\browser\features\aushelper@mozilla.org.xpi
1549584945476	addons.xpi	DEBUG	Calling bootstrap method startup on aushelper@mozilla.org version 2.0
1549584945480	addons.xpi	DEBUG	Registering manifest for C:\Program Files (x86)\Mozilla Firefox\browser\features\e10srollout@mozilla.org.xpi
1549584945483	addons.xpi	DEBUG	Calling bootstrap method startup on e10srollout@mozilla.org version 1.15
1549584945485	addons.xpi	DEBUG	Registering manifest for C:\Program Files (x86)\Mozilla Firefox\browser\features\firefox@getpocket.com.xpi
1549584945488	addons.xpi	DEBUG	Calling bootstrap method startup on firefox@getpocket.com version 1.0.5
1549584945490	addons.xpi	DEBUG	Registering manifest for C:\Program Files (x86)\Mozilla Firefox\browser\features\webcompat@mozilla.org.xpi
1549584945515	addons.xpi	DEBUG	Calling bootstrap method startup on webcompat@mozilla.org version 1.1
1549584945536	addons.manager	DEBUG	Registering shutdown blocker for XPIProvider
1549584945536	addons.manager	DEBUG	Provider finished startup: XPIProvider
1549584945537	addons.manager	DEBUG	Starting provider: LightweightThemeManager
1549584945537	addons.manager	DEBUG	Registering shutdown blocker for LightweightThemeManager
1549584945537	addons.manager	DEBUG	Provider finished startup: LightweightThemeManager
1549584945540	addons.manager	DEBUG	Starting provider: GMPProvider
1549584945576	addons.manager	DEBUG	Registering shutdown blocker for GMPProvider
1549584945577	addons.manager	DEBUG	Provider finished startup: GMPProvider
1549584945577	addons.manager	DEBUG	Starting provider: PluginProvider
1549584945578	addons.manager	DEBUG	Registering shutdown blocker for PluginProvider
1549584945579	addons.manager	DEBUG	Provider finished startup: PluginProvider
1549584945580	addons.manager	DEBUG	Completed startup sequence
1549584953416	addons.manager	DEBUG	Starting provider: &amp;lt;unnamed-provider&amp;gt;
1549584953417	addons.manager	DEBUG	Registering shutdown blocker for &amp;lt;unnamed-provider&amp;gt;
1549584953419	addons.manager	DEBUG	Provider finished startup: &amp;lt;unnamed-provider&amp;gt;
1549584955478	DeferredSave.extensions.json	DEBUG	Write succeeded
1549584955479	addons.xpi-utils	DEBUG	XPI Database saved, setting schema version preference to 19
1549584955479	DeferredSave.extensions.json	DEBUG	Starting timer
1549584955507	DeferredSave.extensions.json	DEBUG	Starting write
1549584955563	addons.repository	DEBUG	No addons.json found.
1549584955565	DeferredSave.addons.json	DEBUG	Save changes
1549584955591	DeferredSave.addons.json	DEBUG	Starting timer
1549584956431	addons.manager	DEBUG	Starting provider: PreviousExperimentProvider
1549584956431	addons.manager	DEBUG	Registering shutdown blocker for PreviousExperimentProvider
1549584956432	addons.manager	DEBUG	Provider finished startup: PreviousExperimentProvider
1549584956441	DeferredSave.addons.json	DEBUG	Starting write
1549584956469	DeferredSave.extensions.json	DEBUG	Write succeeded
1549584956790	DeferredSave.addons.json	DEBUG	Write succeeded

Build info: version: &amp;apos;2.53.1&amp;apos;, revision: &amp;apos;a36b8b1cd5757287168e54b817830adce9b0158d&amp;apos;, time: &amp;apos;2016-06-30 19:26:09&amp;apos;
System info: host: &amp;apos;rohith&amp;apos;, ip: &amp;apos;192.168.1.100&amp;apos;, os.name: &amp;apos;Windows 8.1&amp;apos;, os.arch: &amp;apos;amd64&amp;apos;, os.version: &amp;apos;6.3&amp;apos;, java.version: &amp;apos;1.8.0_131&amp;apos;
Driver info: driver.version: FirefoxDriver">
      <![CDATA[org.openqa.selenium.WebDriverException: Failed to connect to binary FirefoxBinary(C:\Program Files (x86)\Mozilla Firefox\firefox.exe) on port 7055; process output follows: 
rue,"userDisabled":false,"appDisabled":false,"descriptor":"C:\\Program Files (x86)\\Mozilla Firefox\\browser\\extensions\\{972ce4c6-7e08-4474-a285-3208198ce6fd}.xpi","installDate":1495897180335,"updateDate":1495897180335,"applyBackgroundUpdates":1,"skinnable":true,"size":8201,"sourceURI":null,"releaseNotesURI":null,"softDisabled":false,"foreignInstall":false,"hasBinaryComponents":false,"strictCompatibility":true,"locales":[],"targetApplications":[{"id":"{ec8030f7-c20a-464f-9b0e-13a3a9e97384}","minVersion":"54.0","maxVersion":"54.0"}],"targetPlatforms":[],"seen":true,"dependencies":[],"hasEmbeddedWebExtension":false,"userPermissions":null}
1549584945455	addons.xpi	DEBUG	getModTime: Recursive scan of {972ce4c6-7e08-4474-a285-3208198ce6fd}
1549584945460	DeferredSave.extensions.json	DEBUG	Save changes
1549584945460	addons.xpi	DEBUG	Updating database with changes to installed add-ons
1549584945460	addons.xpi-utils	DEBUG	Updating add-on states
1549584945464	addons.xpi-utils	DEBUG	Writing add-ons list
1549584945474	addons.xpi	DEBUG	Registering manifest for C:\Program Files (x86)\Mozilla Firefox\browser\features\aushelper@mozilla.org.xpi
1549584945476	addons.xpi	DEBUG	Calling bootstrap method startup on aushelper@mozilla.org version 2.0
1549584945480	addons.xpi	DEBUG	Registering manifest for C:\Program Files (x86)\Mozilla Firefox\browser\features\e10srollout@mozilla.org.xpi
1549584945483	addons.xpi	DEBUG	Calling bootstrap method startup on e10srollout@mozilla.org version 1.15
1549584945485	addons.xpi	DEBUG	Registering manifest for C:\Program Files (x86)\Mozilla Firefox\browser\features\firefox@getpocket.com.xpi
1549584945488	addons.xpi	DEBUG	Calling bootstrap method startup on firefox@getpocket.com version 1.0.5
1549584945490	addons.xpi	DEBUG	Registering manifest for C:\Program Files (x86)\Mozilla Firefox\browser\features\webcompat@mozilla.org.xpi
1549584945515	addons.xpi	DEBUG	Calling bootstrap method startup on webcompat@mozilla.org version 1.1
1549584945536	addons.manager	DEBUG	Registering shutdown blocker for XPIProvider
1549584945536	addons.manager	DEBUG	Provider finished startup: XPIProvider
1549584945537	addons.manager	DEBUG	Starting provider: LightweightThemeManager
1549584945537	addons.manager	DEBUG	Registering shutdown blocker for LightweightThemeManager
1549584945537	addons.manager	DEBUG	Provider finished startup: LightweightThemeManager
1549584945540	addons.manager	DEBUG	Starting provider: GMPProvider
1549584945576	addons.manager	DEBUG	Registering shutdown blocker for GMPProvider
1549584945577	addons.manager	DEBUG	Provider finished startup: GMPProvider
1549584945577	addons.manager	DEBUG	Starting provider: PluginProvider
1549584945578	addons.manager	DEBUG	Registering shutdown blocker for PluginProvider
1549584945579	addons.manager	DEBUG	Provider finished startup: PluginProvider
1549584945580	addons.manager	DEBUG	Completed startup sequence
1549584953416	addons.manager	DEBUG	Starting provider: <unnamed-provider>
1549584953417	addons.manager	DEBUG	Registering shutdown blocker for <unnamed-provider>
1549584953419	addons.manager	DEBUG	Provider finished startup: <unnamed-provider>
1549584955478	DeferredSave.extensions.json	DEBUG	Write succeeded
1549584955479	addons.xpi-utils	DEBUG	XPI Database saved, setting schema version preference to 19
1549584955479	DeferredSave.extensions.json	DEBUG	Starting timer
1549584955507	DeferredSave.extensions.json	DEBUG	Starting write
1549584955563	addons.repository	DEBUG	No addons.json found.
1549584955565	DeferredSave.addons.json	DEBUG	Save changes
1549584955591	DeferredSave.addons.json	DEBUG	Starting timer
1549584956431	addons.manager	DEBUG	Starting provider: PreviousExperimentProvider
1549584956431	addons.manager	DEBUG	Registering shutdown blocker for PreviousExperimentProvider
1549584956432	addons.manager	DEBUG	Provider finished startup: PreviousExperimentProvider
1549584956441	DeferredSave.addons.json	DEBUG	Starting write
1549584956469	DeferredSave.extensions.json	DEBUG	Write succeeded
1549584956790	DeferredSave.addons.json	DEBUG	Write succeeded

Build info: version: '2.53.1', revision: 'a36b8b1cd5757287168e54b817830adce9b0158d', time: '2016-06-30 19:26:09'
System info: host: 'rohith', ip: '192.168.1.100', os.name: 'Windows 8.1', os.arch: 'amd64', os.version: '6.3', java.version: '1.8.0_131'
Driver info: driver.version: FirefoxDriver
	at org.openqa.selenium.firefox.internal.NewProfileExtensionConnection.start(NewProfileExtensionConnection.java:125)
	at org.openqa.selenium.firefox.FirefoxDriver.startClient(FirefoxDriver.java:271)
	at org.openqa.selenium.remote.RemoteWebDriver.<init>(RemoteWebDriver.java:119)
	at org.openqa.selenium.firefox.FirefoxDriver.<init>(FirefoxDriver.java:216)
	at org.openqa.selenium.firefox.FirefoxDriver.<init>(FirefoxDriver.java:211)
	at org.openqa.selenium.firefox.FirefoxDriver.<init>(FirefoxDriver.java:207)
	at org.openqa.selenium.firefox.FirefoxDriver.<init>(FirefoxDriver.java:120)
	at myCollections.initDriver(myCollections.java:18)
	at sun.reflect.NativeMethodAccessorImpl.invoke0(Native Method)
	at sun.reflect.NativeMethodAccessorImpl.invoke(Unknown Source)
	at sun.reflect.DelegatingMethodAccessorImpl.invoke(Unknown Source)
	at java.lang.reflect.Method.invoke(Unknown Source)
	at org.testng.internal.MethodInvocationHelper.invokeMethod(MethodInvocationHelper.java:85)
	at org.testng.internal.Invoker.invokeConfigurationMethod(Invoker.java:510)
	at org.testng.internal.Invoker.invokeConfigurations(Invoker.java:211)
	at org.testng.internal.Invoker.invokeConfigurations(Invoker.java:138)
	at org.testng.TestRunner.beforeRun(TestRunner.java:648)
	at org.testng.TestRunner.run(TestRunner.java:616)
	at org.testng.SuiteRunner.runTest(SuiteRunner.java:359)
	at org.testng.SuiteRunner.runSequentially(SuiteRunner.java:354)
	at org.testng.SuiteRunner.privateRun(SuiteRunner.java:312)
	at org.testng.SuiteRunner.run(SuiteRunner.java:261)
	at org.testng.SuiteRunnerWorker.runSuite(SuiteRunnerWorker.java:52)
	at org.testng.SuiteRunnerWorker.run(SuiteRunnerWorker.java:86)
	at org.testng.TestNG.runSuitesSequentially(TestNG.java:1191)
	at org.testng.TestNG.runSuitesLocally(TestNG.java:1116)
	at org.testng.TestNG.run(TestNG.java:1024)
	at org.testng.remote.AbstractRemoteTestNG.run(AbstractRemoteTestNG.java:132)
	at org.testng.remote.RemoteTestNG.initAndRun(RemoteTestNG.java:230)
	at org.testng.remote.RemoteTestNG.main(RemoteTestNG.java:76)
Caused by: org.openqa.selenium.firefox.NotConnectedException: Unable to connect to host 127.0.0.1 on port 7055 after 45000 ms. Firefox console output:
rue,"userDisabled":false,"appDisabled":false,"descriptor":"C:\\Program Files (x86)\\Mozilla Firefox\\browser\\extensions\\{972ce4c6-7e08-4474-a285-3208198ce6fd}.xpi","installDate":1495897180335,"updateDate":1495897180335,"applyBackgroundUpdates":1,"skinnable":true,"size":8201,"sourceURI":null,"releaseNotesURI":null,"softDisabled":false,"foreignInstall":false,"hasBinaryComponents":false,"strictCompatibility":true,"locales":[],"targetApplications":[{"id":"{ec8030f7-c20a-464f-9b0e-13a3a9e97384}","minVersion":"54.0","maxVersion":"54.0"}],"targetPlatforms":[],"seen":true,"dependencies":[],"hasEmbeddedWebExtension":false,"userPermissions":null}
1549584945455	addons.xpi	DEBUG	getModTime: Recursive scan of {972ce4c6-7e08-4474-a285-3208198ce6fd}
1549584945460	DeferredSave.extensions.json	DEBUG	Save changes
1549584945460	addons.xpi	DEBUG	Updating database with changes to installed add-ons
1549584945460	addons.xpi-utils	DEBUG	Updating add-on states
1549584945464	addons.xpi-utils	DEBUG	Writing add-ons list
1549584945474	addons.xpi	DEBUG	Registering manifest for C:\Program Files (x86)\Mozilla Firefox\browser\features\aushelper@mozilla.org.xpi
1549584945476	addons.xpi	DEBUG	Calling bootstrap method startup on aushelper@mozilla.org version 2.0
1549584945480	addons.xpi	DEBUG	Registering manifest for C:\Program Files (x86)\Mozilla Firefox\browser\features\e10srollout@mozilla.org.xpi
1549584945483	addons.xpi	DEBUG	Calling bootstrap method startup on e10srollout@mozilla.org version 1.15
1549584945485	addons.xpi	DEBUG	Registering manifest for C:\Program Files (x86)\Mozilla Firefox\browser\features\firefox@getpocket.com.xpi
1549584945488	addons.xpi	DEBUG	Calling bootstrap method startup on firefox@getpocket.com version 1.0.5
1549584945490	addons.xpi	DEBUG	Registering manifest for C:\Program Files (x86)\Mozilla Firefox\browser\features\webcompat@mozilla.org.xpi
1549584945515	addons.xpi	DEBUG	Calling bootstrap method startup on webcompat@mozilla.org version 1.1
1549584945536	addons.manager	DEBUG	Registering shutdown blocker for XPIProvider
1549584945536	addons.manager	DEBUG	Provider finished startup: XPIProvider
1549584945537	addons.manager	DEBUG	Starting provider: LightweightThemeManager
1549584945537	addons.manager	DEBUG	Registering shutdown blocker for LightweightThemeManager
1549584945537	addons.manager	DEBUG	Provider finished startup: LightweightThemeManager
1549584945540	addons.manager	DEBUG	Starting provider: GMPProvider
1549584945576	addons.manager	DEBUG	Registering shutdown blocker for GMPProvider
1549584945577	addons.manager	DEBUG	Provider finished startup: GMPProvider
1549584945577	addons.manager	DEBUG	Starting provider: PluginProvider
1549584945578	addons.manager	DEBUG	Registering shutdown blocker for PluginProvider
1549584945579	addons.manager	DEBUG	Provider finished startup: PluginProvider
1549584945580	addons.manager	DEBUG	Completed startup sequence
1549584953416	addons.manager	DEBUG	Starting provider: <unnamed-provider>
1549584953417	addons.manager	DEBUG	Registering shutdown blocker for <unnamed-provider>
1549584953419	addons.manager	DEBUG	Provider finished startup: <unnamed-provider>
1549584955478	DeferredSave.extensions.json	DEBUG	Write succeeded
1549584955479	addons.xpi-utils	DEBUG	XPI Database saved, setting schema version preference to 19
1549584955479	DeferredSave.extensions.json	DEBUG	Starting timer
1549584955507	DeferredSave.extensions.json	DEBUG	Starting write
1549584955563	addons.repository	DEBUG	No addons.json found.
1549584955565	DeferredSave.addons.json	DEBUG	Save changes
1549584955591	DeferredSave.addons.json	DEBUG	Starting timer
1549584956431	addons.manager	DEBUG	Starting provider: PreviousExperimentProvider
1549584956431	addons.manager	DEBUG	Registering shutdown blocker for PreviousExperimentProvider
1549584956432	addons.manager	DEBUG	Provider finished startup: PreviousExperimentProvider
1549584956441	DeferredSave.addons.json	DEBUG	Starting write
1549584956469	DeferredSave.extensions.json	DEBUG	Write succeeded
1549584956790	DeferredSave.addons.json	DEBUG	Write succeeded

	at org.openqa.selenium.firefox.internal.NewProfileExtensionConnection.start(NewProfileExtensionConnection.java:113)
	... 29 more
]]>
    </failure>
  </testcase> <!-- @BeforeTest initDriver -->
  <testcase name="rotateList" time="0.003" classname="myCollections">
    <skipped/>
  </testcase> <!-- rotateList -->
</testsuite>
